<?xml version="1.0" encoding="UTF-8"?>
<!-- Generated by org.testng.reporters.JUnitReportReporter -->
<testsuite skipped="0" hostname="DESKTOP-L84NPSN" name="com.indiatoday.qa.testcases.BuzzPageTest" tests="1" failures="0" timestamp="2022-07-04T22:49:05 IST" time="45.114" errors="0">
  <testcase name="findbrokenlinksonhomepage" time="45.114" classname="com.indiatoday.qa.testcases.BuzzPageTest"/>
  <system-out/>
</testsuite> <!-- com.indiatoday.qa.testcases.BuzzPageTest -->
