<?xml version="1.0" encoding="UTF-8"?>
<!-- Generated by org.testng.reporters.JUnitReportReporter -->
<testsuite skipped="0" hostname="DESKTOP-L84NPSN" name="com.indiatoday.qa.testcases.HomePageTest" tests="1" failures="0" timestamp="2022-07-04T12:52:44 IST" time="37.174" errors="0">
  <testcase name="changetheme" time="37.174" classname="com.indiatoday.qa.testcases.HomePageTest"/>
  <system-out/>
</testsuite> <!-- com.indiatoday.qa.testcases.HomePageTest -->
