<?xml version="1.0" encoding="UTF-8"?>
<!-- Generated by org.testng.reporters.JUnitReportReporter -->
<testsuite skipped="0" hostname="DESKTOP-L84NPSN" name="com.indiatoday.qa.testcases.WebStoryTest" tests="1" failures="0" timestamp="2022-07-05T02:12:52 IST" time="15.469" errors="0">
  <testcase name="clickonwebstoryandcapturestorytext" time="15.469" classname="com.indiatoday.qa.testcases.WebStoryTest"/>
  <system-out/>
</testsuite> <!-- com.indiatoday.qa.testcases.WebStoryTest -->
