<?xml version="1.0" encoding="UTF-8"?>
<!-- Generated by org.testng.reporters.JUnitReportReporter -->
<testsuite skipped="0" hostname="DESKTOP-L84NPSN" name="com.indiatoday.qa.testcases.HomePageTest" tests="2" failures="0" timestamp="2022-07-05T02:17:15 IST" time="56.123" errors="0">
  <testcase name="findbrokenlinksonhomepage" time="42.982" classname="com.indiatoday.qa.testcases.HomePageTest"/>
  <system-out/>
  <testcase name="changetheme" time="13.141" classname="com.indiatoday.qa.testcases.HomePageTest"/>
  <system-out/>
</testsuite> <!-- com.indiatoday.qa.testcases.HomePageTest -->
