<?xml version="1.0" encoding="UTF-8"?>
<!-- Generated by org.testng.reporters.JUnitReportReporter -->
<testsuite skipped="0" hostname="DESKTOP-L84NPSN" name="com.indiatoday.qa.testcases.WebStoryTest" tests="2" failures="0" timestamp="2022-07-05T02:17:15 IST" time="26.326" errors="0">
  <testcase name="clickonwebstories" time="19.785" classname="com.indiatoday.qa.testcases.WebStoryTest"/>
  <system-out/>
  <testcase name="clickonwebstoryandcapturestorytext" time="6.541" classname="com.indiatoday.qa.testcases.WebStoryTest"/>
  <system-out/>
</testsuite> <!-- com.indiatoday.qa.testcases.WebStoryTest -->
