<?xml version="1.0" encoding="UTF-8"?>
<!-- Generated by org.testng.reporters.JUnitReportReporter -->
<testsuite skipped="0" hostname="DESKTOP-L84NPSN" name="com.indiatoday.qa.testcases.BuzzPageTest" tests="1" failures="0" timestamp="2022-07-05T02:17:15 IST" time="44.368" errors="0">
  <testcase name="findbrokenlinksonhomepage" time="44.368" classname="com.indiatoday.qa.testcases.BuzzPageTest"/>
  <system-out/>
</testsuite> <!-- com.indiatoday.qa.testcases.BuzzPageTest -->
